<?xml version="1.0" encoding="UTF-8"?>
<testng-results skipped="0" failed="1" ignored="0" total="1" passed="0">
  <reporter-output>
  </reporter-output>
  <suite name="Default suite" duration-ms="41570" started-at="2019-12-24T12:18:08 IST" finished-at="2019-12-24T12:18:50 IST">
    <groups>
    </groups>
    <test name="Default test" duration-ms="41570" started-at="2019-12-24T12:18:08 IST" finished-at="2019-12-24T12:18:50 IST">
      <class name="FlightBooking.MainCleartrip">
        <test-method status="PASS" signature="start()[pri:0, instance:FlightBooking.MainCleartrip@627551fb]" name="start" is-config="true" duration-ms="19611" started-at="2019-12-24T12:18:08 IST" finished-at="2019-12-24T12:18:28 IST">
          <reporter-output>
          </reporter-output>
        </test-method> <!-- start -->
        <test-method status="FAIL" signature="Testtorun()[pri:0, instance:FlightBooking.MainCleartrip@627551fb]" name="Testtorun" duration-ms="21868" started-at="2019-12-24T12:18:28 IST" finished-at="2019-12-24T12:18:50 IST">
          <exception class="java.lang.NullPointerException">
            <full-stacktrace>
              <![CDATA[java.lang.NullPointerException
at FlightBooking.writrExcel.sendingExcel(writrExcel.java:20)
at FlightBooking.clearTripPom.GetText(clearTripPom.java:93)
at FlightBooking.MainCleartrip.Testtorun(MainCleartrip.java:25)
at sun.reflect.NativeMethodAccessorImpl.invoke0(Native Method)
at sun.reflect.NativeMethodAccessorImpl.invoke(Unknown Source)
at sun.reflect.DelegatingMethodAccessorImpl.invoke(Unknown Source)
at java.lang.reflect.Method.invoke(Unknown Source)
at org.testng.internal.MethodInvocationHelper.invokeMethod(MethodInvocationHelper.java:133)
at org.testng.internal.TestInvoker.invokeMethod(TestInvoker.java:584)
at org.testng.internal.TestInvoker.invokeTestMethod(TestInvoker.java:172)
at org.testng.internal.MethodRunner.runInSequence(MethodRunner.java:46)
at org.testng.internal.TestInvoker$MethodInvocationAgent.invoke(TestInvoker.java:804)
at org.testng.internal.TestInvoker.invokeTestMethods(TestInvoker.java:145)
at org.testng.internal.TestMethodWorker.invokeTestMethods(TestMethodWorker.java:146)
at org.testng.internal.TestMethodWorker.run(TestMethodWorker.java:128)
at java.util.ArrayList.forEach(Unknown Source)
at org.testng.TestRunner.privateRun(TestRunner.java:770)
at org.testng.TestRunner.run(TestRunner.java:591)
at org.testng.SuiteRunner.runTest(SuiteRunner.java:402)
at org.testng.SuiteRunner.runSequentially(SuiteRunner.java:396)
at org.testng.SuiteRunner.privateRun(SuiteRunner.java:355)
at org.testng.SuiteRunner.run(SuiteRunner.java:304)
at org.testng.SuiteRunnerWorker.runSuite(SuiteRunnerWorker.java:53)
at org.testng.SuiteRunnerWorker.run(SuiteRunnerWorker.java:96)
at org.testng.TestNG.runSuitesSequentially(TestNG.java:1180)
at org.testng.TestNG.runSuitesLocally(TestNG.java:1102)
at org.testng.TestNG.runSuites(TestNG.java:1032)
at org.testng.TestNG.run(TestNG.java:1000)
at org.testng.remote.AbstractRemoteTestNG.run(AbstractRemoteTestNG.java:115)
at org.testng.remote.RemoteTestNG.initAndRun(RemoteTestNG.java:251)
at org.testng.remote.RemoteTestNG.main(RemoteTestNG.java:77)
]]>
            </full-stacktrace>
          </exception> <!-- java.lang.NullPointerException -->
          <reporter-output>
          </reporter-output>
        </test-method> <!-- Testtorun -->
        <test-method status="PASS" signature="closeBrowser()[pri:0, instance:FlightBooking.MainCleartrip@627551fb]" name="closeBrowser" is-config="true" duration-ms="1" started-at="2019-12-24T12:18:50 IST" finished-at="2019-12-24T12:18:50 IST">
          <reporter-output>
          </reporter-output>
        </test-method> <!-- closeBrowser -->
      </class> <!-- FlightBooking.MainCleartrip -->
    </test> <!-- Default test -->
  </suite> <!-- Default suite -->
</testng-results>
